2023-11-13 18:11:44.275 [background-preinit] INFO  org.hibernate.validator.internal.util.Version - HV000001: Hibernate Validator 6.2.5.Final
2023-11-13 18:11:45.127 [main] INFO  com.alibaba.nacos.common.remote.client - [RpcClientFactory] create a new rpc client of ef89142e-2a93-4f84-af05-0d90bd62ea44_config-0
2023-11-13 18:11:45.170 [main] INFO  org.reflections.Reflections - Reflections took 30 ms to scan 1 urls, producing 3 keys and 6 values 
2023-11-13 18:11:45.195 [main] INFO  org.reflections.Reflections - Reflections took 17 ms to scan 1 urls, producing 4 keys and 9 values 
2023-11-13 18:11:45.212 [main] INFO  org.reflections.Reflections - Reflections took 15 ms to scan 1 urls, producing 3 keys and 10 values 
2023-11-13 18:11:45.324 [main] INFO  org.reflections.Reflections - Reflections took 108 ms to scan 155 urls, producing 0 keys and 0 values 
2023-11-13 18:11:45.335 [main] INFO  org.reflections.Reflections - Reflections took 8 ms to scan 1 urls, producing 1 keys and 5 values 
2023-11-13 18:11:45.345 [main] INFO  org.reflections.Reflections - Reflections took 9 ms to scan 1 urls, producing 1 keys and 7 values 
2023-11-13 18:11:45.346 [background-preinit] INFO  org.hibernate.validator.internal.util.Version - HV000001: Hibernate Validator 6.2.5.Final
2023-11-13 18:11:45.355 [main] INFO  org.reflections.Reflections - Reflections took 8 ms to scan 1 urls, producing 2 keys and 8 values 
2023-11-13 18:11:45.461 [main] INFO  org.reflections.Reflections - Reflections took 104 ms to scan 155 urls, producing 0 keys and 0 values 
2023-11-13 18:11:45.466 [main] INFO  com.alibaba.nacos.common.remote.client - [ef89142e-2a93-4f84-af05-0d90bd62ea44_config-0] RpcClient init label, labels = {module=config, Vipserver-Tag=null, source=sdk, Amory-Tag=null, Location-Tag=null, taskId=0, AppName=unknown}
2023-11-13 18:11:45.470 [main] INFO  com.alibaba.nacos.common.remote.client - [ef89142e-2a93-4f84-af05-0d90bd62ea44_config-0] Register server push request handler:com.alibaba.nacos.client.config.impl.ClientWorker$ConfigRpcTransportClient$$Lambda$334/80141040
2023-11-13 18:11:45.471 [main] INFO  com.alibaba.nacos.common.remote.client - [ef89142e-2a93-4f84-af05-0d90bd62ea44_config-0] Register server push request handler:com.alibaba.nacos.client.config.impl.ClientWorker$ConfigRpcTransportClient$$Lambda$335/275056979
2023-11-13 18:11:45.472 [main] INFO  com.alibaba.nacos.common.remote.client - [ef89142e-2a93-4f84-af05-0d90bd62ea44_config-0] Registry connection listener to current client:com.alibaba.nacos.client.config.impl.ClientWorker$ConfigRpcTransportClient$1
2023-11-13 18:11:45.472 [main] INFO  com.alibaba.nacos.common.remote.client - [ef89142e-2a93-4f84-af05-0d90bd62ea44_config-0] RpcClient init, ServerListFactory = com.alibaba.nacos.client.config.impl.ClientWorker$ConfigRpcTransportClient$2
2023-11-13 18:11:45.478 [main] INFO  com.alibaba.nacos.common.remote.client - [ef89142e-2a93-4f84-af05-0d90bd62ea44_config-0] Try to connect to server on start up, server: {serverIp = 'localhost', server main port = 8848}
2023-11-13 18:11:45.976 [main] INFO  com.alibaba.nacos.common.remote.client - [ef89142e-2a93-4f84-af05-0d90bd62ea44_config-0] Success to connect to server [localhost:8848] on start up, connectionId = 1699870305780_127.0.0.1_58509
2023-11-13 18:11:45.980 [com.alibaba.nacos.client.remote.worker] INFO  com.alibaba.nacos.common.remote.client - [ef89142e-2a93-4f84-af05-0d90bd62ea44_config-0] Notify connected event to listeners.
2023-11-13 18:11:45.982 [main] INFO  com.alibaba.nacos.common.remote.client - [ef89142e-2a93-4f84-af05-0d90bd62ea44_config-0] Register server push request handler:com.alibaba.nacos.common.remote.client.RpcClient$ConnectResetRequestHandler
2023-11-13 18:11:45.989 [main] INFO  com.alibaba.nacos.common.remote.client - [ef89142e-2a93-4f84-af05-0d90bd62ea44_config-0] Register server push request handler:com.alibaba.nacos.common.remote.client.RpcClient$$Lambda$344/1923810797
2023-11-13 18:11:46.075 [main] WARN  com.alibaba.cloud.nacos.client.NacosPropertySourceBuilder - Ignore the empty nacos configuration and get it based on dataId[anynote-manage] & group[DEFAULT_GROUP]
2023-11-13 18:11:46.088 [main] WARN  com.alibaba.cloud.nacos.client.NacosPropertySourceBuilder - Ignore the empty nacos configuration and get it based on dataId[anynote-manage.yml] & group[DEFAULT_GROUP]
2023-11-13 18:11:46.105 [main] INFO  org.springframework.cloud.bootstrap.config.PropertySourceBootstrapConfiguration - Located property source: [BootstrapPropertySource {name='bootstrapProperties-anynote-manage-dev.yml,DEFAULT_GROUP'}, BootstrapPropertySource {name='bootstrapProperties-anynote-manage.yml,DEFAULT_GROUP'}, BootstrapPropertySource {name='bootstrapProperties-anynote-manage,DEFAULT_GROUP'}, BootstrapPropertySource {name='bootstrapProperties-application-dev.yml,DEFAULT_GROUP'}]
2023-11-13 18:11:46.113 [main] INFO  com.alibaba.nacos.common.remote.client - [RpcClientFactory] create a new rpc client of 507c6579-b7b0-4721-b782-c0a3064936e3_config-0
2023-11-13 18:11:46.120 [main] INFO  com.anynote.manage.AnyNoteManageApplication - The following 1 profile is active: "dev"
2023-11-13 18:11:46.147 [main] INFO  org.reflections.Reflections - Reflections took 25 ms to scan 1 urls, producing 3 keys and 6 values 
2023-11-13 18:11:46.168 [main] INFO  org.reflections.Reflections - Reflections took 14 ms to scan 1 urls, producing 4 keys and 9 values 
2023-11-13 18:11:46.198 [main] INFO  org.reflections.Reflections - Reflections took 27 ms to scan 1 urls, producing 3 keys and 10 values 
2023-11-13 18:11:46.350 [main] INFO  org.reflections.Reflections - Reflections took 148 ms to scan 231 urls, producing 0 keys and 0 values 
2023-11-13 18:11:46.362 [main] INFO  org.reflections.Reflections - Reflections took 9 ms to scan 1 urls, producing 1 keys and 5 values 
2023-11-13 18:11:46.374 [main] INFO  org.reflections.Reflections - Reflections took 9 ms to scan 1 urls, producing 1 keys and 7 values 
2023-11-13 18:11:46.386 [main] INFO  org.reflections.Reflections - Reflections took 10 ms to scan 1 urls, producing 2 keys and 8 values 
2023-11-13 18:11:46.527 [main] INFO  org.reflections.Reflections - Reflections took 139 ms to scan 231 urls, producing 0 keys and 0 values 
2023-11-13 18:11:46.530 [main] INFO  com.alibaba.nacos.common.remote.client - [507c6579-b7b0-4721-b782-c0a3064936e3_config-0] RpcClient init label, labels = {module=config, Vipserver-Tag=null, source=sdk, Amory-Tag=null, Location-Tag=null, taskId=0, AppName=unknown}
2023-11-13 18:11:46.531 [main] INFO  com.alibaba.nacos.common.remote.client - [507c6579-b7b0-4721-b782-c0a3064936e3_config-0] Register server push request handler:com.alibaba.nacos.client.config.impl.ClientWorker$ConfigRpcTransportClient$$Lambda$334/114414807
2023-11-13 18:11:46.531 [main] INFO  com.alibaba.nacos.common.remote.client - [507c6579-b7b0-4721-b782-c0a3064936e3_config-0] Register server push request handler:com.alibaba.nacos.client.config.impl.ClientWorker$ConfigRpcTransportClient$$Lambda$335/144699438
2023-11-13 18:11:46.532 [main] INFO  com.alibaba.nacos.common.remote.client - [507c6579-b7b0-4721-b782-c0a3064936e3_config-0] Registry connection listener to current client:com.alibaba.nacos.client.config.impl.ClientWorker$ConfigRpcTransportClient$1
2023-11-13 18:11:46.532 [main] INFO  com.alibaba.nacos.common.remote.client - [507c6579-b7b0-4721-b782-c0a3064936e3_config-0] RpcClient init, ServerListFactory = com.alibaba.nacos.client.config.impl.ClientWorker$ConfigRpcTransportClient$2
2023-11-13 18:11:46.536 [main] INFO  com.alibaba.nacos.common.remote.client - [507c6579-b7b0-4721-b782-c0a3064936e3_config-0] Try to connect to server on start up, server: {serverIp = 'localhost', server main port = 8848}
2023-11-13 18:11:47.156 [main] INFO  com.alibaba.nacos.common.remote.client - [507c6579-b7b0-4721-b782-c0a3064936e3_config-0] Success to connect to server [localhost:8848] on start up, connectionId = 1699870306797_127.0.0.1_58510
2023-11-13 18:11:47.160 [com.alibaba.nacos.client.remote.worker] INFO  com.alibaba.nacos.common.remote.client - [507c6579-b7b0-4721-b782-c0a3064936e3_config-0] Notify connected event to listeners.
2023-11-13 18:11:47.160 [main] INFO  com.alibaba.nacos.common.remote.client - [507c6579-b7b0-4721-b782-c0a3064936e3_config-0] Register server push request handler:com.alibaba.nacos.common.remote.client.RpcClient$ConnectResetRequestHandler
2023-11-13 18:11:47.166 [main] INFO  com.alibaba.nacos.common.remote.client - [507c6579-b7b0-4721-b782-c0a3064936e3_config-0] Register server push request handler:com.alibaba.nacos.common.remote.client.RpcClient$$Lambda$344/1320869181
2023-11-13 18:11:47.242 [main] WARN  com.alibaba.cloud.nacos.client.NacosPropertySourceBuilder - Ignore the empty nacos configuration and get it based on dataId[anynote-note] & group[DEFAULT_GROUP]
2023-11-13 18:11:47.261 [main] WARN  com.alibaba.cloud.nacos.client.NacosPropertySourceBuilder - Ignore the empty nacos configuration and get it based on dataId[anynote-note.yml] & group[DEFAULT_GROUP]
2023-11-13 18:11:47.278 [main] INFO  org.springframework.cloud.bootstrap.config.PropertySourceBootstrapConfiguration - Located property source: [BootstrapPropertySource {name='bootstrapProperties-anynote-note-dev.yml,DEFAULT_GROUP'}, BootstrapPropertySource {name='bootstrapProperties-anynote-note.yml,DEFAULT_GROUP'}, BootstrapPropertySource {name='bootstrapProperties-anynote-note,DEFAULT_GROUP'}, BootstrapPropertySource {name='bootstrapProperties-application-dev.yml,DEFAULT_GROUP'}]
2023-11-13 18:11:47.296 [main] INFO  com.anynote.note.AnyNoteNoteApplication - The following 1 profile is active: "dev"
2023-11-13 18:11:47.558 [main] INFO  org.springframework.data.repository.config.RepositoryConfigurationDelegate - Multiple Spring Data modules found, entering strict repository configuration mode
2023-11-13 18:11:47.563 [main] INFO  org.springframework.data.repository.config.RepositoryConfigurationDelegate - Bootstrapping Spring Data Redis repositories in DEFAULT mode.
2023-11-13 18:11:47.606 [main] INFO  org.springframework.data.repository.config.RepositoryConfigurationDelegate - Finished Spring Data repository scanning in 25 ms. Found 0 Redis repository interfaces.
2023-11-13 18:11:48.074 [main] INFO  org.springframework.cloud.context.scope.GenericScope - BeanFactory id=e50818b0-4bdb-3d6c-ab53-f9f6a496275d
2023-11-13 18:11:48.633 [main] INFO  org.springframework.boot.web.embedded.tomcat.TomcatWebServer - Tomcat initialized with port(s): 18092 (http)
2023-11-13 18:11:48.642 [main] INFO  org.apache.coyote.http11.Http11NioProtocol - Initializing ProtocolHandler ["http-nio-18092"]
2023-11-13 18:11:48.642 [main] INFO  org.apache.catalina.core.StandardService - Starting service [Tomcat]
2023-11-13 18:11:48.642 [main] INFO  org.apache.catalina.core.StandardEngine - Starting Servlet engine: [Apache Tomcat/9.0.70]
2023-11-13 18:11:48.803 [main] INFO  org.apache.catalina.core.ContainerBase.[Tomcat].[localhost].[/] - Initializing Spring embedded WebApplicationContext
2023-11-13 18:11:48.804 [main] INFO  org.springframework.boot.web.servlet.context.ServletWebServerApplicationContext - Root WebApplicationContext: initialization completed in 2647 ms
2023-11-13 18:11:49.162 [main] INFO  org.springframework.data.repository.config.RepositoryConfigurationDelegate - Multiple Spring Data modules found, entering strict repository configuration mode
2023-11-13 18:11:49.166 [main] INFO  org.springframework.data.repository.config.RepositoryConfigurationDelegate - Bootstrapping Spring Data Redis repositories in DEFAULT mode.
2023-11-13 18:11:49.232 [main] INFO  org.springframework.data.repository.config.RepositoryConfigurationDelegate - Finished Spring Data repository scanning in 47 ms. Found 0 Redis repository interfaces.
2023-11-13 18:11:49.321 [main] INFO  org.springframework.cloud.openfeign.FeignClientFactoryBean - For 'anynote-note' URL not provided. Will try picking an instance via load-balancing.
2023-11-13 18:11:49.562 [main] INFO  org.springframework.cloud.openfeign.FeignClientFactoryBean - For 'anynote-system' URL not provided. Will try picking an instance via load-balancing.
2023-11-13 18:11:50.053 [main] INFO  org.springframework.cloud.context.scope.GenericScope - BeanFactory id=752044da-cd53-30fe-a5fa-548049f26eef
2023-11-13 18:11:52.590 [main] INFO  org.springframework.boot.web.embedded.tomcat.TomcatWebServer - Tomcat initialized with port(s): 18091 (http)
2023-11-13 18:11:52.605 [main] INFO  org.apache.coyote.http11.Http11NioProtocol - Initializing ProtocolHandler ["http-nio-18091"]
2023-11-13 18:11:52.606 [main] INFO  org.apache.catalina.core.StandardService - Starting service [Tomcat]
2023-11-13 18:11:52.606 [main] INFO  org.apache.catalina.core.StandardEngine - Starting Servlet engine: [Apache Tomcat/9.0.70]
2023-11-13 18:11:52.753 [main] INFO  org.apache.catalina.core.ContainerBase.[Tomcat].[localhost].[/] - Initializing Spring embedded WebApplicationContext
2023-11-13 18:11:52.754 [main] INFO  org.springframework.boot.web.servlet.context.ServletWebServerApplicationContext - Root WebApplicationContext: initialization completed in 5423 ms
2023-11-13 18:11:52.864 [main] WARN  org.springframework.cloud.loadbalancer.config.LoadBalancerCacheAutoConfiguration$LoadBalancerCaffeineWarnLogger - Spring Cloud LoadBalancer is currently working with the default cache. While this cache implementation is useful for development and tests, it's recommended to use Caffeine cache in production.You can switch to using Caffeine cache, by adding it and org.springframework.cache.caffeine.CaffeineCacheManager to the classpath.
2023-11-13 18:11:53.029 [main] INFO  com.alibaba.nacos.common.remote.client - [RpcClientFactory] create a new rpc client of 09ac47d1-2021-4410-b81e-f72cc9fa9e73
2023-11-13 18:11:53.030 [main] INFO  com.alibaba.nacos.common.remote.client - [09ac47d1-2021-4410-b81e-f72cc9fa9e73] RpcClient init label, labels = {module=naming, source=sdk}
2023-11-13 18:11:53.030 [main] INFO  com.alibaba.nacos.common.remote.client - [09ac47d1-2021-4410-b81e-f72cc9fa9e73] RpcClient init, ServerListFactory = com.alibaba.nacos.client.naming.core.ServerListManager
2023-11-13 18:11:53.030 [main] INFO  com.alibaba.nacos.common.remote.client - [09ac47d1-2021-4410-b81e-f72cc9fa9e73] Registry connection listener to current client:com.alibaba.nacos.client.naming.remote.gprc.redo.NamingGrpcRedoService
2023-11-13 18:11:53.031 [main] INFO  com.alibaba.nacos.common.remote.client - [09ac47d1-2021-4410-b81e-f72cc9fa9e73] Register server push request handler:com.alibaba.nacos.client.naming.remote.gprc.NamingPushRequestHandler
2023-11-13 18:11:53.031 [main] INFO  com.alibaba.nacos.common.remote.client - [09ac47d1-2021-4410-b81e-f72cc9fa9e73] Try to connect to server on start up, server: {serverIp = 'localhost', server main port = 8848}
2023-11-13 18:11:53.158 [main] INFO  com.alibaba.nacos.common.remote.client - [09ac47d1-2021-4410-b81e-f72cc9fa9e73] Success to connect to server [localhost:8848] on start up, connectionId = 1699870313047_127.0.0.1_58551
2023-11-13 18:11:53.162 [main] INFO  com.alibaba.nacos.common.remote.client - [09ac47d1-2021-4410-b81e-f72cc9fa9e73] Register server push request handler:com.alibaba.nacos.common.remote.client.RpcClient$ConnectResetRequestHandler
2023-11-13 18:11:53.162 [main] INFO  com.alibaba.nacos.common.remote.client - [09ac47d1-2021-4410-b81e-f72cc9fa9e73] Register server push request handler:com.alibaba.nacos.common.remote.client.RpcClient$$Lambda$344/1923810797
2023-11-13 18:11:53.163 [com.alibaba.nacos.client.remote.worker] INFO  com.alibaba.nacos.common.remote.client - [09ac47d1-2021-4410-b81e-f72cc9fa9e73] Notify connected event to listeners.
2023-11-13 18:11:53.263 [main] INFO  org.apache.coyote.http11.Http11NioProtocol - Starting ProtocolHandler ["http-nio-18092"]
2023-11-13 18:11:53.273 [main] INFO  org.springframework.boot.web.embedded.tomcat.TomcatWebServer - Tomcat started on port(s): 18092 (http) with context path ''
2023-11-13 18:11:53.305 [main] INFO  com.alibaba.cloud.nacos.registry.NacosServiceRegistry - nacos registry, DEFAULT_GROUP anynote-manage 172.22.20.41:18092 register finished
2023-11-13 18:11:53.834 [nacos-grpc-client-executor-10] INFO  com.alibaba.nacos.common.remote.client - [09ac47d1-2021-4410-b81e-f72cc9fa9e73] Receive server push request, request = NotifySubscriberRequest, requestId = 7
2023-11-13 18:11:53.848 [nacos-grpc-client-executor-10] INFO  com.alibaba.nacos.common.remote.client - [09ac47d1-2021-4410-b81e-f72cc9fa9e73] Ack server push request, request = NotifySubscriberRequest, requestId = 7
2023-11-13 18:11:54.112 [main] INFO  com.anynote.manage.AnyNoteManageApplication - Started AnyNoteManageApplication in 11.462 seconds (JVM running for 12.995)
2023-11-13 18:11:54.118 [main] INFO  com.alibaba.cloud.nacos.refresh.NacosContextRefresher - [Nacos Config] Listening config: dataId=anynote-manage, group=DEFAULT_GROUP
2023-11-13 18:11:54.119 [main] INFO  com.alibaba.cloud.nacos.refresh.NacosContextRefresher - [Nacos Config] Listening config: dataId=anynote-manage.yml, group=DEFAULT_GROUP
2023-11-13 18:11:54.122 [main] INFO  com.alibaba.cloud.nacos.refresh.NacosContextRefresher - [Nacos Config] Listening config: dataId=anynote-manage-dev.yml, group=DEFAULT_GROUP
2023-11-13 18:11:55.173 [main] WARN  com.baomidou.mybatisplus.core.injector.DefaultSqlInjector - class com.anynote.note.api.model.po.UserNoteTask ,Not found @TableId annotation, Cannot use Mybatis-Plus 'xxById' Method.
2023-11-13 18:11:56.441 [main] WARN  com.baomidou.mybatisplus.core.injector.DefaultSqlInjector - class com.anynote.note.api.model.po.UserKnowledgeBase ,Not found @TableId annotation, Cannot use Mybatis-Plus 'xxById' Method.
2023-11-13 18:11:56.848 [main] INFO  org.springframework.cloud.openfeign.FeignClientFactoryBean - For 'anynote-system' URL not provided. Will try picking an instance via load-balancing.
2023-11-13 18:11:56.946 [main] INFO  org.springframework.cloud.openfeign.FeignClientFactoryBean - For 'anynote-file' URL not provided. Will try picking an instance via load-balancing.
2023-11-13 18:11:59.579 [main] WARN  org.springframework.cloud.loadbalancer.config.LoadBalancerCacheAutoConfiguration$LoadBalancerCaffeineWarnLogger - Spring Cloud LoadBalancer is currently working with the default cache. While this cache implementation is useful for development and tests, it's recommended to use Caffeine cache in production.You can switch to using Caffeine cache, by adding it and org.springframework.cache.caffeine.CaffeineCacheManager to the classpath.
2023-11-13 18:11:59.817 [main] INFO  org.apache.rocketmq.spring.support.DefaultRocketMQListenerContainer - running container: DefaultRocketMQListenerContainer{consumerGroup='note_task_group', namespace='', nameServer='localhost:9876', topic='note_task_topic', consumeMode=CONCURRENTLY, selectorType=TAG, selectorExpression='*', messageModel=CLUSTERING', tlsEnable=false}
2023-11-13 18:11:59.822 [main] INFO  org.apache.rocketmq.spring.autoconfigure.ListenerContainerConfiguration - Register the listener to container, listenerBeanName:noteTaskMessageListener, containerBeanName:org.apache.rocketmq.spring.support.DefaultRocketMQListenerContainer_1
2023-11-13 18:12:00.146 [main] INFO  org.apache.rocketmq.spring.support.DefaultRocketMQListenerContainer - running container: DefaultRocketMQListenerContainer{consumerGroup='note_group', namespace='', nameServer='localhost:9876', topic='note_topic', consumeMode=CONCURRENTLY, selectorType=TAG, selectorExpression='*', messageModel=CLUSTERING', tlsEnable=false}
2023-11-13 18:12:00.147 [main] INFO  org.apache.rocketmq.spring.autoconfigure.ListenerContainerConfiguration - Register the listener to container, listenerBeanName:noteMessageListener, containerBeanName:org.apache.rocketmq.spring.support.DefaultRocketMQListenerContainer_2
2023-11-13 18:12:00.298 [main] INFO  com.alibaba.nacos.common.remote.client - [RpcClientFactory] create a new rpc client of a099c0d7-3551-43ec-91dd-927cfd519091
2023-11-13 18:12:00.299 [main] INFO  com.alibaba.nacos.common.remote.client - [a099c0d7-3551-43ec-91dd-927cfd519091] RpcClient init label, labels = {module=naming, source=sdk}
2023-11-13 18:12:00.301 [main] INFO  com.alibaba.nacos.common.remote.client - [a099c0d7-3551-43ec-91dd-927cfd519091] RpcClient init, ServerListFactory = com.alibaba.nacos.client.naming.core.ServerListManager
2023-11-13 18:12:00.301 [main] INFO  com.alibaba.nacos.common.remote.client - [a099c0d7-3551-43ec-91dd-927cfd519091] Registry connection listener to current client:com.alibaba.nacos.client.naming.remote.gprc.redo.NamingGrpcRedoService
2023-11-13 18:12:00.302 [main] INFO  com.alibaba.nacos.common.remote.client - [a099c0d7-3551-43ec-91dd-927cfd519091] Register server push request handler:com.alibaba.nacos.client.naming.remote.gprc.NamingPushRequestHandler
2023-11-13 18:12:00.303 [main] INFO  com.alibaba.nacos.common.remote.client - [a099c0d7-3551-43ec-91dd-927cfd519091] Try to connect to server on start up, server: {serverIp = 'localhost', server main port = 8848}
2023-11-13 18:12:00.439 [main] INFO  com.alibaba.nacos.common.remote.client - [a099c0d7-3551-43ec-91dd-927cfd519091] Success to connect to server [localhost:8848] on start up, connectionId = 1699870320323_127.0.0.1_58576
2023-11-13 18:12:00.441 [main] INFO  com.alibaba.nacos.common.remote.client - [a099c0d7-3551-43ec-91dd-927cfd519091] Register server push request handler:com.alibaba.nacos.common.remote.client.RpcClient$ConnectResetRequestHandler
2023-11-13 18:12:00.441 [main] INFO  com.alibaba.nacos.common.remote.client - [a099c0d7-3551-43ec-91dd-927cfd519091] Register server push request handler:com.alibaba.nacos.common.remote.client.RpcClient$$Lambda$344/1320869181
2023-11-13 18:12:00.441 [com.alibaba.nacos.client.remote.worker] INFO  com.alibaba.nacos.common.remote.client - [a099c0d7-3551-43ec-91dd-927cfd519091] Notify connected event to listeners.
2023-11-13 18:12:00.510 [main] INFO  org.apache.coyote.http11.Http11NioProtocol - Starting ProtocolHandler ["http-nio-18091"]
2023-11-13 18:12:00.528 [main] INFO  org.springframework.boot.web.embedded.tomcat.TomcatWebServer - Tomcat started on port(s): 18091 (http) with context path ''
2023-11-13 18:12:00.546 [main] INFO  com.alibaba.cloud.nacos.registry.NacosServiceRegistry - nacos registry, DEFAULT_GROUP anynote-note 172.22.20.41:18091 register finished
2023-11-13 18:12:00.996 [nacos-grpc-client-executor-9] INFO  com.alibaba.nacos.common.remote.client - [a099c0d7-3551-43ec-91dd-927cfd519091] Receive server push request, request = NotifySubscriberRequest, requestId = 8
2023-11-13 18:12:01.001 [nacos-grpc-client-executor-9] INFO  com.alibaba.nacos.common.remote.client - [a099c0d7-3551-43ec-91dd-927cfd519091] Ack server push request, request = NotifySubscriberRequest, requestId = 8
2023-11-13 18:12:01.190 [main] INFO  com.anynote.note.AnyNoteNoteApplication - Started AnyNoteNoteApplication in 16.568 seconds (JVM running for 17.783)
2023-11-13 18:12:01.196 [main] INFO  com.alibaba.cloud.nacos.refresh.NacosContextRefresher - [Nacos Config] Listening config: dataId=anynote-note-dev.yml, group=DEFAULT_GROUP
2023-11-13 18:12:01.197 [main] INFO  com.alibaba.cloud.nacos.refresh.NacosContextRefresher - [Nacos Config] Listening config: dataId=anynote-note, group=DEFAULT_GROUP
2023-11-13 18:12:01.198 [main] INFO  com.alibaba.cloud.nacos.refresh.NacosContextRefresher - [Nacos Config] Listening config: dataId=anynote-note.yml, group=DEFAULT_GROUP
2023-11-13 18:14:01.065 [http-nio-18092-exec-1] INFO  org.apache.catalina.core.ContainerBase.[Tomcat].[localhost].[/] - Initializing Spring DispatcherServlet 'dispatcherServlet'
2023-11-13 18:14:01.067 [http-nio-18092-exec-1] INFO  org.springframework.web.servlet.DispatcherServlet - Initializing Servlet 'dispatcherServlet'
2023-11-13 18:14:01.074 [http-nio-18092-exec-1] INFO  org.springframework.web.servlet.DispatcherServlet - Completed initialization in 6 ms
2023-11-13 18:14:01.910 [nacos-grpc-client-executor-66] INFO  com.alibaba.nacos.common.remote.client - [09ac47d1-2021-4410-b81e-f72cc9fa9e73] Receive server push request, request = NotifySubscriberRequest, requestId = 14
2023-11-13 18:14:01.911 [nacos-grpc-client-executor-66] INFO  com.alibaba.nacos.common.remote.client - [09ac47d1-2021-4410-b81e-f72cc9fa9e73] Ack server push request, request = NotifySubscriberRequest, requestId = 14
2023-11-13 18:14:14.957 [http-nio-18091-exec-1] INFO  org.apache.catalina.core.ContainerBase.[Tomcat].[localhost].[/] - Initializing Spring DispatcherServlet 'dispatcherServlet'
2023-11-13 18:14:14.960 [http-nio-18091-exec-1] INFO  org.springframework.web.servlet.DispatcherServlet - Initializing Servlet 'dispatcherServlet'
2023-11-13 18:14:14.970 [http-nio-18091-exec-1] INFO  org.springframework.web.servlet.DispatcherServlet - Completed initialization in 10 ms
2023-11-13 18:14:15.272 [http-nio-18091-exec-1] INFO  com.alibaba.druid.pool.DruidDataSource - {dataSource-1} inited
2023-11-13 18:14:15.392 [nacos-grpc-client-executor-76] INFO  com.alibaba.nacos.common.remote.client - [09ac47d1-2021-4410-b81e-f72cc9fa9e73] Receive server push request, request = NotifySubscriberRequest, requestId = 15
2023-11-13 18:14:15.397 [nacos-grpc-client-executor-76] INFO  com.alibaba.nacos.common.remote.client - [09ac47d1-2021-4410-b81e-f72cc9fa9e73] Ack server push request, request = NotifySubscriberRequest, requestId = 15
2023-11-13 22:20:40.706 [NettyClientSelector_1] INFO  RocketmqRemoting - closeChannel: close the connection to remote address[] result: true
2023-11-13 22:20:40.706 [NettyClientSelector_1] INFO  RocketmqRemoting - closeChannel: close the connection to remote address[] result: true
2023-11-13 22:20:40.732 [NettyClientSelector_1] INFO  RocketmqRemoting - closeChannel: close the connection to remote address[] result: true
2023-11-13 22:20:40.744 [NettyClientSelector_1] INFO  RocketmqRemoting - closeChannel: close the connection to remote address[] result: true
2023-11-13 22:20:40.767 [NettyClientSelector_1] INFO  RocketmqRemoting - closeChannel: close the connection to remote address[] result: true
2023-11-13 22:20:40.786 [NettyClientSelector_1] INFO  RocketmqRemoting - closeChannel: close the connection to remote address[] result: true
2023-11-13 22:20:40.835 [NettyClientSelector_1] INFO  RocketmqRemoting - closeChannel: close the connection to remote address[] result: true
2023-11-13 22:20:40.847 [NettyClientSelector_1] INFO  RocketmqRemoting - closeChannel: close the connection to remote address[] result: true
2023-11-13 22:20:40.870 [NettyClientSelector_1] INFO  RocketmqRemoting - closeChannel: close the connection to remote address[] result: true
2023-11-13 22:20:40.897 [NettyClientSelector_1] INFO  RocketmqRemoting - closeChannel: close the connection to remote address[] result: true
2023-11-13 22:20:40.922 [NettyClientSelector_1] INFO  RocketmqRemoting - closeChannel: close the connection to remote address[] result: true
2023-11-13 22:20:41.477 [NettyClientSelector_1] INFO  RocketmqRemoting - closeChannel: close the connection to remote address[] result: true
2023-11-13 22:20:45.596 [NettyClientSelector_1] INFO  RocketmqRemoting - closeChannel: close the connection to remote address[] result: true
2023-11-13 22:20:45.606 [NettyClientSelector_1] INFO  RocketmqRemoting - closeChannel: close the connection to remote address[] result: true
2023-11-13 22:20:45.619 [NettyClientSelector_1] INFO  RocketmqRemoting - closeChannel: close the connection to remote address[] result: true
2023-11-13 22:20:45.627 [NettyClientSelector_1] INFO  RocketmqRemoting - closeChannel: close the connection to remote address[] result: true
2023-11-13 22:20:45.653 [NettyClientSelector_1] INFO  RocketmqRemoting - closeChannel: close the connection to remote address[] result: true
2023-11-13 22:20:45.659 [NettyClientSelector_1] INFO  RocketmqRemoting - closeChannel: close the connection to remote address[] result: true
2023-11-13 22:20:45.792 [NettyClientSelector_1] INFO  RocketmqRemoting - closeChannel: close the connection to remote address[] result: true
2023-11-13 22:20:45.801 [NettyClientSelector_1] INFO  RocketmqRemoting - closeChannel: close the connection to remote address[] result: true
2023-11-13 22:20:45.811 [NettyClientSelector_1] INFO  RocketmqRemoting - closeChannel: close the connection to remote address[] result: true
2023-11-13 22:20:45.825 [NettyClientSelector_1] INFO  RocketmqRemoting - closeChannel: close the connection to remote address[] result: true
2023-11-13 22:20:45.836 [NettyClientSelector_1] INFO  RocketmqRemoting - closeChannel: close the connection to remote address[] result: true
2023-11-13 22:20:45.851 [NettyClientSelector_1] INFO  RocketmqRemoting - closeChannel: close the connection to remote address[] result: true
2023-11-13 22:20:46.598 [NettyClientSelector_1] INFO  RocketmqRemoting - closeChannel: close the connection to remote address[] result: true
2023-11-13 22:20:46.782 [NettyClientSelector_1] INFO  RocketmqRemoting - closeChannel: close the connection to remote address[] result: true
2023-11-13 22:20:50.602 [NettyClientSelector_1] INFO  RocketmqRemoting - closeChannel: close the connection to remote address[] result: true
2023-11-13 22:20:50.613 [NettyClientSelector_1] INFO  RocketmqRemoting - closeChannel: close the connection to remote address[] result: true
2023-11-13 22:20:50.625 [NettyClientSelector_1] INFO  RocketmqRemoting - closeChannel: close the connection to remote address[] result: true
2023-11-13 22:20:50.633 [NettyClientSelector_1] INFO  RocketmqRemoting - closeChannel: close the connection to remote address[] result: true
2023-11-13 22:20:50.644 [NettyClientSelector_1] INFO  RocketmqRemoting - closeChannel: close the connection to remote address[] result: true
2023-11-13 22:20:50.782 [NettyClientSelector_1] INFO  RocketmqRemoting - closeChannel: close the connection to remote address[] result: true
2023-11-13 22:20:50.789 [NettyClientSelector_1] INFO  RocketmqRemoting - closeChannel: close the connection to remote address[] result: true
2023-11-13 22:20:50.799 [NettyClientSelector_1] INFO  RocketmqRemoting - closeChannel: close the connection to remote address[] result: true
2023-11-13 22:20:50.803 [NettyClientSelector_1] INFO  RocketmqRemoting - closeChannel: close the connection to remote address[] result: true
2023-11-13 22:20:50.811 [NettyClientSelector_1] INFO  RocketmqRemoting - closeChannel: close the connection to remote address[] result: true
2023-11-13 22:20:51.514 [NettyClientSelector_1] INFO  RocketmqRemoting - closeChannel: close the connection to remote address[] result: true
2023-11-13 22:20:51.514 [NettyClientSelector_1] INFO  RocketmqRemoting - closeChannel: close the connection to remote address[] result: true
2023-11-13 22:20:51.531 [NettyClientSelector_1] INFO  RocketmqRemoting - closeChannel: close the connection to remote address[] result: true
2023-11-13 22:20:51.530 [NettyClientSelector_1] INFO  RocketmqRemoting - closeChannel: close the connection to remote address[] result: true
2023-11-13 22:20:54.942 [Thread-4] WARN  com.alibaba.nacos.common.http.HttpClientBeanHolder - [HttpClientBeanHolder] Start destroying common HttpClient
2023-11-13 22:20:54.942 [Thread-10] WARN  com.alibaba.nacos.common.notify.NotifyCenter - [NotifyCenter] Start destroying Publisher
2023-11-13 22:20:54.946 [Thread-10] WARN  com.alibaba.nacos.common.notify.NotifyCenter - [NotifyCenter] Destruction of the end
2023-11-13 22:20:54.955 [Thread-4] WARN  com.alibaba.nacos.common.http.HttpClientBeanHolder - [HttpClientBeanHolder] Destruction of the end
2023-11-13 22:20:54.998 [Thread-12] WARN  com.alibaba.nacos.common.notify.NotifyCenter - [NotifyCenter] Start destroying Publisher
2023-11-13 22:20:54.998 [Thread-7] WARN  com.alibaba.nacos.common.http.HttpClientBeanHolder - [HttpClientBeanHolder] Start destroying common HttpClient
2023-11-13 22:20:55.018 [Thread-12] WARN  com.alibaba.nacos.common.notify.NotifyCenter - [NotifyCenter] Destruction of the end
2023-11-13 22:20:55.046 [Thread-7] WARN  com.alibaba.nacos.common.http.HttpClientBeanHolder - [HttpClientBeanHolder] Destruction of the end
2023-11-13 22:20:55.241 [NettyClientSelector_1] INFO  RocketmqRemoting - closeChannel: close the connection to remote address[] result: true
2023-11-13 22:20:55.244 [NettyClientSelector_1] INFO  RocketmqRemoting - closeChannel: close the connection to remote address[] result: true
2023-11-13 22:20:55.256 [NettyClientSelector_1] INFO  RocketmqRemoting - closeChannel: close the connection to remote address[] result: true
2023-11-13 22:20:55.262 [NettyClientSelector_1] INFO  RocketmqRemoting - closeChannel: close the connection to remote address[] result: true
2023-11-13 22:20:55.293 [NettyClientSelector_1] INFO  RocketmqRemoting - closeChannel: close the connection to remote address[] result: true
2023-11-13 22:20:55.294 [NettyClientSelector_1] INFO  RocketmqRemoting - closeChannel: close the connection to remote address[] result: true
2023-11-13 22:20:55.295 [NettyClientSelector_1] INFO  RocketmqRemoting - closeChannel: close the connection to remote address[] result: true
2023-11-13 22:20:55.296 [NettyClientSelector_1] INFO  RocketmqRemoting - closeChannel: close the connection to remote address[] result: true
2023-11-13 22:20:55.380 [NettyClientSelector_1] INFO  RocketmqRemoting - closeChannel: close the connection to remote address[] result: true
2023-11-13 22:20:55.386 [NettyClientSelector_1] INFO  RocketmqRemoting - closeChannel: close the connection to remote address[] result: true
2023-11-13 22:20:56.410 [SpringApplicationShutdownHook] INFO  com.alibaba.cloud.nacos.registry.NacosServiceRegistry - De-registering from Nacos Server now...
2023-11-13 22:20:56.424 [SpringApplicationShutdownHook] INFO  com.alibaba.cloud.nacos.registry.NacosServiceRegistry - De-registration finished.
2023-11-13 22:20:56.507 [SpringApplicationShutdownHook] INFO  org.apache.rocketmq.spring.support.DefaultRocketMQListenerContainer - container destroyed, DefaultRocketMQListenerContainer{consumerGroup='note_group', namespace='', nameServer='localhost:9876', topic='note_topic', consumeMode=CONCURRENTLY, selectorType=TAG, selectorExpression='*', messageModel=CLUSTERING', tlsEnable=false}
2023-11-13 22:20:56.510 [SpringApplicationShutdownHook] INFO  org.apache.rocketmq.spring.support.DefaultRocketMQListenerContainer - container destroyed, DefaultRocketMQListenerContainer{consumerGroup='note_task_group', namespace='', nameServer='localhost:9876', topic='note_task_topic', consumeMode=CONCURRENTLY, selectorType=TAG, selectorExpression='*', messageModel=CLUSTERING', tlsEnable=false}
2023-11-13 22:20:56.525 [SpringApplicationShutdownHook] INFO  com.alibaba.cloud.nacos.registry.NacosServiceRegistry - De-registering from Nacos Server now...
2023-11-13 22:20:56.531 [SpringApplicationShutdownHook] INFO  com.alibaba.cloud.nacos.registry.NacosServiceRegistry - De-registration finished.
2023-11-13 22:20:56.744 [SpringApplicationShutdownHook] INFO  com.alibaba.nacos.common.remote.client - Shutdown rpc client, set status to shutdown
2023-11-13 22:20:56.744 [SpringApplicationShutdownHook] INFO  com.alibaba.nacos.common.remote.client - Shutdown client event executor java.util.concurrent.ScheduledThreadPoolExecutor@4653ab3f[Running, pool size = 2, active threads = 2, queued tasks = 0, completed tasks = 0]
2023-11-13 22:20:56.746 [SpringApplicationShutdownHook] INFO  com.alibaba.nacos.common.remote.client - Close current connection 1699870313047_127.0.0.1_58551
2023-11-13 22:20:56.754 [nacos-grpc-client-executor-3367] INFO  com.alibaba.nacos.common.remote.client.grpc.GrpcClient - [1699870313047_127.0.0.1_58551]Ignore complete event,isRunning:false,isAbandon=false
2023-11-13 22:20:56.761 [SpringApplicationShutdownHook] INFO  com.alibaba.nacos.common.remote.client.grpc.GrpcClient - Shutdown grpc executor java.util.concurrent.ThreadPoolExecutor@695c1ea9[Running, pool size = 6, active threads = 0, queued tasks = 0, completed tasks = 3368]
2023-11-13 22:20:56.845 [SpringApplicationShutdownHook] INFO  com.alibaba.nacos.common.remote.client - Shutdown rpc client, set status to shutdown
2023-11-13 22:20:56.845 [SpringApplicationShutdownHook] INFO  com.alibaba.nacos.common.remote.client - Shutdown client event executor java.util.concurrent.ScheduledThreadPoolExecutor@22f44cb[Running, pool size = 2, active threads = 2, queued tasks = 0, completed tasks = 0]
2023-11-13 22:20:56.846 [SpringApplicationShutdownHook] INFO  com.alibaba.nacos.common.remote.client - Close current connection 1699870320323_127.0.0.1_58576
2023-11-13 22:20:56.860 [SpringApplicationShutdownHook] INFO  com.alibaba.nacos.common.remote.client.grpc.GrpcClient - Shutdown grpc executor java.util.concurrent.ThreadPoolExecutor@735e985e[Running, pool size = 8, active threads = 0, queued tasks = 0, completed tasks = 3382]
2023-11-13 22:20:57.142 [NettyClientSelector_1] INFO  RocketmqRemoting - closeChannel: close the connection to remote address[] result: true
2023-11-13 22:20:57.146 [NettyClientSelector_1] INFO  RocketmqRemoting - closeChannel: close the connection to remote address[] result: true
2023-11-13 22:20:57.156 [SpringApplicationShutdownHook] INFO  com.alibaba.druid.pool.DruidDataSource - {dataSource-1} closing ...
2023-11-13 22:20:57.168 [SpringApplicationShutdownHook] INFO  com.alibaba.druid.pool.DruidDataSource - {dataSource-1} closed
